## Footprint report - date Вс 23 дек 2018 06:14:59
## Created by Pcbnew version kicad 5.0.2-bee76a0~70~ubuntu18.04.1
## Unit = mm, Angle = deg.

$BeginDESCRIPTION

$BOARD
upper_left_corner 133.960000 143.900000
lower_right_corner 176.160001 186.900001
$EndBOARD

$MODULE "D1"
reference "D1"
value "LED"
footprint "LED_THT:LED_D3.0mm"
attribut none
position 142.760000 165.900000  orientation 90.00
layer front
$PAD "1"
Shape Rect Layer both
position  0.000000  0.000000  size  1.800000  1.800000  orientation 0.00
drill  0.900000
shape_offset  0.000000  0.000000
$EndPAD
$PAD "2"
Shape Circle Layer both
position  2.540000  0.000000  size  1.800000  1.800000  orientation 0.00
drill  0.900000
shape_offset  0.000000  0.000000
$EndPAD
$EndMODULE  D1

$MODULE "C2"
reference "C2"
value "220uF"
footprint "Capacitor_THT:CP_Radial_D5.0mm_P2.50mm"
attribut none
position 159.360000 165.900000  orientation 180.00
layer front
$PAD "2"
Shape Circle Layer both
position  2.500000  0.000000  size  1.600000  1.600000  orientation 0.00
drill  0.800000
shape_offset  0.000000  0.000000
$EndPAD
$PAD "1"
Shape Rect Layer both
position  0.000000  0.000000  size  1.600000  1.600000  orientation 0.00
drill  0.800000
shape_offset  0.000000  0.000000
$EndPAD
$EndMODULE  C2

$MODULE "C1"
reference "C1"
value "220uF"
footprint "Capacitor_THT:CP_Radial_D5.0mm_P2.50mm"
attribut none
position 148.360000 165.900000  orientation 0.00
layer front
$PAD "1"
Shape Rect Layer both
position  0.000000  0.000000  size  1.600000  1.600000  orientation 0.00
drill  0.800000
shape_offset  0.000000  0.000000
$EndPAD
$PAD "2"
Shape Circle Layer both
position  2.500000  0.000000  size  1.600000  1.600000  orientation 0.00
drill  0.800000
shape_offset  0.000000  0.000000
$EndPAD
$EndMODULE  C1

$MODULE "D2"
reference "D2"
value "LED"
footprint "LED_THT:LED_D3.0mm"
attribut none
position 165.960000 165.900000  orientation 0.00
layer front
$PAD "2"
Shape Circle Layer both
position  2.540000  0.000000  size  1.800000  1.800000  orientation 0.00
drill  0.900000
shape_offset  0.000000  0.000000
$EndPAD
$PAD "1"
Shape Rect Layer both
position  0.000000  0.000000  size  1.800000  1.800000  orientation 0.00
drill  0.900000
shape_offset  0.000000  0.000000
$EndPAD
$EndMODULE  D2

$MODULE "Q2"
reference "Q2"
value "PN2222A"
footprint "Package_TO_SOT_THT:TO-92_Inline"
attribut none
position 165.960000 177.800000  orientation 90.00
layer front
$PAD "1"
Shape Rect Layer both
position  0.000000  0.000000  size  1.050000  1.500000  orientation 0.00
drill  0.750000
shape_offset  0.000000  0.000000
$EndPAD
$PAD "3"
Shape Oval Layer both
position  2.540000  0.000000  size  1.050000  1.500000  orientation 0.00
drill  0.750000
shape_offset  0.000000  0.000000
$EndPAD
$PAD "2"
Shape Oval Layer both
position  1.270000  0.000000  size  1.050000  1.500000  orientation 0.00
drill  0.750000
shape_offset  0.000000  0.000000
$EndPAD
$EndMODULE  Q2

$MODULE "Q1"
reference "Q1"
value "PN2222A"
footprint "Package_TO_SOT_THT:TO-92_Inline"
attribut none
position 142.760000 181.400000  orientation 90.00
layer front
$PAD "2"
Shape Oval Layer both
position  1.270000  0.000000  size  1.050000  1.500000  orientation 0.00
drill  0.750000
shape_offset  0.000000  0.000000
$EndPAD
$PAD "3"
Shape Oval Layer both
position  2.540000  0.000000  size  1.050000  1.500000  orientation 0.00
drill  0.750000
shape_offset  0.000000  0.000000
$EndPAD
$PAD "1"
Shape Rect Layer both
position  0.000000  0.000000  size  1.050000  1.500000  orientation 0.00
drill  0.750000
shape_offset  0.000000  0.000000
$EndPAD
$EndMODULE  Q1

$MODULE "R4"
reference "R4"
value "330R"
footprint "Resistor_THT:R_Axial_DIN0204_L3.6mm_D1.6mm_P7.62mm_Horizontal"
attribut none
position 168.460000 150.800000  orientation 270.00
layer front
$PAD "2"
Shape Oval Layer both
position  7.620000  0.000000  size  1.400000  1.400000  orientation 0.00
drill  0.700000
shape_offset  0.000000  0.000000
$EndPAD
$PAD "1"
Shape Circle Layer both
position  0.000000  0.000000  size  1.400000  1.400000  orientation 0.00
drill  0.700000
shape_offset  0.000000  0.000000
$EndPAD
$EndMODULE  R4

$MODULE "R3"
reference "R3"
value "10K"
footprint "Resistor_THT:R_Axial_DIN0204_L3.6mm_D1.6mm_P7.62mm_Horizontal"
attribut none
position 164.760000 150.800000  orientation 270.00
layer front
$PAD "1"
Shape Circle Layer both
position  0.000000  0.000000  size  1.400000  1.400000  orientation 0.00
drill  0.700000
shape_offset  0.000000  0.000000
$EndPAD
$PAD "2"
Shape Oval Layer both
position  7.620000  0.000000  size  1.400000  1.400000  orientation 0.00
drill  0.700000
shape_offset  0.000000  0.000000
$EndPAD
$EndMODULE  R3

$MODULE "R2"
reference "R2"
value "10K"
footprint "Resistor_THT:R_Axial_DIN0204_L3.6mm_D1.6mm_P7.62mm_Horizontal"
attribut none
position 150.860000 150.800000  orientation 270.00
layer front
$PAD "2"
Shape Oval Layer both
position  7.620000  0.000000  size  1.400000  1.400000  orientation 0.00
drill  0.700000
shape_offset  0.000000  0.000000
$EndPAD
$PAD "1"
Shape Circle Layer both
position  0.000000  0.000000  size  1.400000  1.400000  orientation 0.00
drill  0.700000
shape_offset  0.000000  0.000000
$EndPAD
$EndMODULE  R2

$MODULE "R1"
reference "R1"
value "330R"
footprint "Resistor_THT:R_Axial_DIN0204_L3.6mm_D1.6mm_P7.62mm_Horizontal"
attribut none
position 142.760000 150.800000  orientation 270.00
layer front
$PAD "1"
Shape Circle Layer both
position  0.000000  0.000000  size  1.400000  1.400000  orientation 0.00
drill  0.700000
shape_offset  0.000000  0.000000
$EndPAD
$PAD "2"
Shape Oval Layer both
position  7.620000  0.000000  size  1.400000  1.400000  orientation 0.00
drill  0.700000
shape_offset  0.000000  0.000000
$EndPAD
$EndMODULE  R1

$MODULE "J1"
reference "J1"
value "Screw_Terminal_01x02"
footprint "TerminalBlock:TerminalBlock_bornier-2_P5.08mm"
attribut none
position 157.160000 181.400000  orientation 180.00
layer front
$PAD "1"
Shape Rect Layer both
position  0.000000  0.000000  size  3.000000  3.000000  orientation 0.00
drill  1.520000
shape_offset  0.000000  0.000000
$EndPAD
$PAD "2"
Shape Circle Layer both
position  5.080000  0.000000  size  3.000000  3.000000  orientation 0.00
drill  1.520000
shape_offset  0.000000  0.000000
$EndPAD
$EndMODULE  J1

$EndDESCRIPTION
