Change Component Designator: Old Designator=D? New Designator=D1
Change Component Designator: Old Designator=DD? New Designator=DD1
Change Component Designator: Old Designator=HL? New Designator=HL1
Change Component Designator: Old Designator=HL? New Designator=HL2
Change Component Designator: Old Designator=HL? New Designator=HL3
Change Component Designator: Old Designator=HL? New Designator=HL4
Change Component Designator: Old Designator=HL? New Designator=HL5
Change Component Designator: Old Designator=Jumper? New Designator=Jumper1
Change Component Designator: Old Designator=Jumper? New Designator=Jumper2
Change Component Designator: Old Designator=R? New Designator=R1
Change Component Designator: Old Designator=R? New Designator=R2
Change Component Designator: Old Designator=R? New Designator=R3
Change Component Designator: Old Designator=R? New Designator=R4
Change Component Designator: Old Designator=R? New Designator=R5
Change Component Designator: Old Designator=R? New Designator=R6
Change Component Designator: Old Designator=R? New Designator=R7
Change Component Designator: Old Designator=R? New Designator=R8
Change Component Designator: Old Designator=R? New Designator=R9
Change Component Designator: Old Designator=R? New Designator=R10
Change Component Designator: Old Designator=R? New Designator=R11
Change Component Designator: Old Designator=R? New Designator=R12
Change Component Designator: Old Designator=R? New Designator=R13
Change Component Designator: Old Designator=SB? New Designator=SB1
Change Component Designator: Old Designator=SB? New Designator=SB2
Change Component Designator: Old Designator=VD? New Designator=VD1
Change Component Designator: Old Designator=VT? New Designator=VT1
Change Component Designator: Old Designator=X? New Designator=X1
Change Component Designator: Old Designator=X? New Designator=X2
Change Component Designator: Old Designator=X? New Designator=X3
Change Component Designator: Old Designator=X? New Designator=X4
Change Component Designator: Old Designator=X? New Designator=X5
Change Component Designator: Old Designator=X? New Designator=X6
Change Component Designator: Old Designator=X? New Designator=X7
